********************************************************************************
DUPLICATOR-LITE PACKAGE-LOG: 5 May 2020 11 h 38 min
NOTICE: Do NOT post to public sites or forums 
********************************************************************************
VERSION:	1.3.30
WORDPRESS:	5.4.1
PHP INFO:	7.2.14 | SAPI: apache2handler
SERVER:		Apache/2.4.37 (Win64) PHP/7.2.14 
PHP TIME LIMIT: (0) no time limit imposed 
PHP MAX MEMORY: 4294967296 (256M default) 
MEMORY STACK: 8MB

********************************************************************************
DATABASE:
********************************************************************************
BUILD MODE:   PHP(query limit - 100)
MYSQLTIMEOUT: 5000
MYSQLDUMP:    Not Supported
TABLES: total:34 | filtered:0 | create:34
FILTERED: []
SQL CREATED: 20200505_lebasketballLoicD_76023fbb6e0cb4df2658_20200505113747_database.sql
SQL FILE SIZE: 2.66MB (2790200)
SQL FILE TIME: 2020-05-05 11:38:58
SQL RUNTIME: 5.23 sec.

********************************************************************************
ARCHIVE (ZIP):
********************************************************************************
ARCHIVE DIR:  C:/Users/loicd/Documents/phpweb/DWWM_Loïc/wordpressSiteBasket
ARCHIVE FILE: 20200505_lebasketballLoicD_76023fbb6e0cb4df2658_20200505113747_archive.zip
FILTERS: *OFF*
DIRS:
	not set
FILES:
	not set
EXTS:  not set
----------------------------------------
COMPRESSING
SIZE:	110.47MB
STATS:	Dirs 703 | Files 5,019
SQL ADDED: 20200505_lebasketballLoicD_76023fbb6e0cb4df2658_20200505113747_database.sql
ZipArchive Object
(
    [status] => 0
    [statusSys] => 0
    [numFiles] => 5722
    [filename] => C:\Users\loicd\Documents\phpweb\DWWM_Loïc\wordpressSiteBasket\wp-snapshots\tmp\20200505_lebasketballLoicD_76023fbb6e0cb4df2658_20200505113747_archive.zip
    [comment] => 
)

FILE ADDED TO ZIP: 5721
COMPRESSION RESULT: '1'
COMPRESSED SIZE: 43.48MB
ARCHIVE RUNTIME: 18.38 sec.
MEMORY STACK: 12MB
building installer
add_extra_files1
add_extra_files2
add_extra_files3
add_extra_files4
Doing archive file check
add_extra_files5
add_extra_files6
add_extra_files8
Successfully opened zip C:/Users/loicd/Documents/phpweb/DWWM_Loïc/wordpressSiteBasket/wp-snapshots/tmp/20200505_lebasketballLoicD_76023fbb6e0cb4df2658_20200505113747_archive.zip
Adding enhanced installer files to archive using ZipArchive
Installer files added to archive
Added to archive
After ziparchive close when adding installer

********************************************************************************
INTEGRITY CHECKS:
********************************************************************************
SQL FILE: 2.66MB
INSTALLER FILE: 61.33KB
ARCHIVE FILE: 44.82MB 
COMPTE ATTENDU DE FICHIERS/RÉPERTOIRES : 5,722
COMPTE ACTUEL DE FICHIERS/RÉPERTOIRES : 5,721
TEST DE COHÉRENCE D’ARCHIVE : Bon

********************************************************************************
RECORD ID:[1]
TOTAL PROCESS RUNTIME: 25.02 sec.
PEAK PHP MEMORY USED: 12MB
DONE PROCESSING => 20200505_lebasketballLoicD 5 May 2020 11 h 39 min

