********************************************************************************
DUPLICATOR-LITE PACKAGE-LOG: 7 May 2020 10 h 04 min
NOTICE: Do NOT post to public sites or forums 
********************************************************************************
VERSION:	1.3.32
WORDPRESS:	5.4.1
PHP INFO:	7.2.14 | SAPI: apache2handler
SERVER:		Apache/2.4.37 (Win64) PHP/7.2.14 
PHP TIME LIMIT: (0) no time limit imposed 
PHP MAX MEMORY: 4294967296 (128M default) 
MEMORY STACK: 2MB

********************************************************************************
DATABASE:
********************************************************************************
BUILD MODE:   PHP(query limit - 100)
MYSQLTIMEOUT: 5000
MYSQLDUMP:    Not Supported
TABLES: total:17 | filtered:0 | create:17
FILTERED: []
SQL CREATED: 20200507_evalwordpressLoic_7ee808a5935dbdea3777_20200507100431_database.sql
SQL FILE SIZE: 578.04KB (591915)
SQL FILE TIME: 2020-05-07 10:04:42
SQL RUNTIME: 1.07 sec.

********************************************************************************
ARCHIVE (ZIP):
********************************************************************************
ARCHIVE DIR:  C:/Users/loicd/Documents/phpweb/DWWM_Loïc/wordpressEval
ARCHIVE FILE: 20200507_evalwordpressLoic_7ee808a5935dbdea3777_20200507100431_archive.zip
FILTERS: *OFF*
DIRS:
	not set
FILES:
	not set
EXTS:  not set
----------------------------------------
COMPRESSING
SIZE:	80.4MB
STATS:	Dirs 449 | Files 3,341
SQL ADDED: 20200507_evalwordpressLoic_7ee808a5935dbdea3777_20200507100431_database.sql
ZipArchive Object
(
    [status] => 0
    [statusSys] => 0
    [numFiles] => 3790
    [filename] => C:\Users\loicd\Documents\phpweb\DWWM_Loïc\wordpressEval\wp-snapshots\tmp\20200507_evalwordpressLoic_7ee808a5935dbdea3777_20200507100431_archive.zip
    [comment] => 
)

FILE ADDED TO ZIP: 3789
COMPRESSION RESULT: '1'
COMPRESSED SIZE: 26.06MB
ARCHIVE RUNTIME: 8.25 sec.
MEMORY STACK: 4MB
building installer
add_extra_files1
add_extra_files2
add_extra_files3
add_extra_files4
Doing archive file check
add_extra_files5
add_extra_files6
add_extra_files8
Successfully opened zip C:/Users/loicd/Documents/phpweb/DWWM_Loïc/wordpressEval/wp-snapshots/tmp/20200507_evalwordpressLoic_7ee808a5935dbdea3777_20200507100431_archive.zip
Adding enhanced installer files to archive using ZipArchive
Installer files added to archive
Added to archive
After ziparchive close when adding installer

********************************************************************************
INTEGRITY CHECKS:
********************************************************************************
SQL FILE: 578.04KB
INSTALLER FILE: 61.32KB
ARCHIVE FILE: 27.54MB 
COMPTE ATTENDU DE FICHIERS/RÉPERTOIRES : 3,790
COMPTE ACTUEL DE FICHIERS/RÉPERTOIRES : 3,789
TEST DE COHÉRENCE D’ARCHIVE : Bon

********************************************************************************
RECORD ID:[1]
TOTAL PROCESS RUNTIME: 10.50 sec.
PEAK PHP MEMORY USED: 6MB
DONE PROCESSING => 20200507_evalwordpressLoic 7 May 2020 10 h 04 min

