********************************************************************************
DUPLICATOR-LITE PACKAGE-LOG: 13 May 2020 9 h 58 min
NOTICE: Do NOT post to public sites or forums 
********************************************************************************
VERSION:	1.3.32
WORDPRESS:	5.4.1
PHP INFO:	7.2.14 | SAPI: apache2handler
SERVER:		Apache/2.4.37 (Win64) PHP/7.2.14 
PHP TIME LIMIT: (0) no time limit imposed 
PHP MAX MEMORY: 4294967296 (128M default) 
MEMORY STACK: 2MB

********************************************************************************
DATABASE:
********************************************************************************
BUILD MODE:   PHP(query limit - 100)
MYSQLTIMEOUT: 5000
MYSQLDUMP:    Not Supported
TABLES: total:14 | filtered:0 | create:14
FILTERED: []
SQL CREATED: 20200513_evalbackwordpressLoic_6630c872293ea2c61406_20200513095843_database.sql
SQL FILE SIZE: 453.04KB (463917)
SQL FILE TIME: 2020-05-13 09:58:54
SQL RUNTIME: 0.97 sec.

********************************************************************************
ARCHIVE (ZIP):
********************************************************************************
ARCHIVE DIR:  C:/Users/loicd/Documents/phpweb/DWWM_Loïc/WpEvalBackLoic
ARCHIVE FILE: 20200513_evalbackwordpressLoic_6630c872293ea2c61406_20200513095843_archive.zip
FILTERS: *OFF*
DIRS:
	not set
FILES:
	not set
EXTS:  not set
----------------------------------------
COMPRESSING
SIZE:	51.98MB
STATS:	Dirs 266 | Files 2,258
SQL ADDED: 20200513_evalbackwordpressLoic_6630c872293ea2c61406_20200513095843_database.sql
ZipArchive Object
(
    [status] => 0
    [statusSys] => 0
    [numFiles] => 2524
    [filename] => C:\Users\loicd\Documents\phpweb\DWWM_Loïc\WpEvalBackLoic\wp-snapshots\tmp\20200513_evalbackwordpressLoic_6630c872293ea2c61406_20200513095843_archive.zip
    [comment] => 
)

FILE ADDED TO ZIP: 2523
COMPRESSION RESULT: '1'
COMPRESSED SIZE: 16.02MB
ARCHIVE RUNTIME: 5.48 sec.
MEMORY STACK: 4MB
building installer
add_extra_files1
add_extra_files2
add_extra_files3
add_extra_files4
Doing archive file check
add_extra_files5
add_extra_files6
add_extra_files8
Successfully opened zip C:/Users/loicd/Documents/phpweb/DWWM_Loïc/WpEvalBackLoic/wp-snapshots/tmp/20200513_evalbackwordpressLoic_6630c872293ea2c61406_20200513095843_archive.zip
Adding enhanced installer files to archive using ZipArchive
Installer files added to archive
Added to archive
After ziparchive close when adding installer

********************************************************************************
INTEGRITY CHECKS:
********************************************************************************
SQL FILE: 453.04KB
INSTALLER FILE: 61.33KB
ARCHIVE FILE: 17.49MB 
EXPECTED FILE/DIRECTORY COUNT: 2,524
ACTUAL FILE/DIRECTORY COUNT: 2,523
ARCHIVE CONSISTENCY TEST: Pass

********************************************************************************
RECORD ID:[1]
TOTAL PROCESS RUNTIME: 7.63 sec.
PEAK PHP MEMORY USED: 4MB
DONE PROCESSING => 20200513_evalbackwordpressLoic 13 May 2020 9 h 59 min

